TN:
SF:src\productService.js
FN:1,calculateTotalPrice
FN:2,(anonymous_1)
FN:5,applyDiscount
FN:12,filterByCategory
FN:13,(anonymous_4)
FN:16,sortByPrice
FN:17,(anonymous_6)
FN:20,checkStock
FNF:8
FNH:8
FNDA:1,calculateTotalPrice
FNDA:2,(anonymous_1)
FNDA:2,applyDiscount
FNDA:1,filterByCategory
FNDA:2,(anonymous_4)
FNDA:1,sortByPrice
FNDA:1,(anonymous_6)
FNDA:1,checkStock
DA:2,2
DA:6,2
DA:7,1
DA:9,1
DA:13,2
DA:17,1
DA:21,1
DA:24,1
LF:8
LH:8
BRDA:6,0,0,1
BRDA:6,0,1,1
BRDA:6,1,0,2
BRDA:6,1,1,2
BRF:4
BRH:4
end_of_record
TN:
SF:src\userService.js
FN:1,createUser
FN:8,calculateAge
FNF:2
FNH:2
FNDA:3,createUser
FNDA:1,calculateAge
DA:2,3
DA:3,2
DA:5,1
DA:9,1
DA:12,1
LF:5
LH:5
BRDA:2,0,0,1
BRDA:2,0,1,2
BRDA:3,1,0,1
BRDA:3,1,1,1
BRF:4
BRH:4
end_of_record
TN:
SF:src\test\setup.js
FNF:0
FNH:0
LF:0
LH:0
BRF:0
BRH:0
end_of_record
