TN:
SF:src\productService.js
FN:2,(anonymous_0)
FN:3,(anonymous_1)
FN:6,(anonymous_2)
FN:13,(anonymous_3)
FN:14,(anonymous_4)
FN:17,(anonymous_5)
FN:18,(anonymous_6)
FN:23,(anonymous_7)
FNF:8
FNH:8
FNDA:1,(anonymous_0)
FNDA:2,(anonymous_1)
FNDA:4,(anonymous_2)
FNDA:1,(anonymous_3)
FNDA:3,(anonymous_4)
FNDA:1,(anonymous_5)
FNDA:3,(anonymous_6)
FNDA:2,(anonymous_7)
DA:1,1
DA:3,2
DA:7,4
DA:8,2
DA:10,2
DA:14,3
DA:18,1
DA:19,3
DA:24,2
DA:25,2
LF:10
LH:10
BRDA:7,0,0,2
BRDA:7,0,1,2
BRDA:7,1,0,4
BRDA:7,1,1,3
BRDA:17,2,0,1
BRDA:19,3,0,3
BRDA:19,3,1,0
BRDA:24,4,0,0
BRDA:24,4,1,2
BRF:9
BRH:7
end_of_record
TN:
SF:src\userService.js
FN:2,(anonymous_0)
FN:17,(anonymous_1)
FN:22,(anonymous_2)
FN:23,(anonymous_3)
FN:28,(anonymous_4)
FNF:5
FNH:5
FNDA:3,(anonymous_0)
FNDA:2,(anonymous_1)
FNDA:2,(anonymous_2)
FNDA:4,(anonymous_3)
FNDA:1,(anonymous_4)
DA:1,1
DA:3,3
DA:4,1
DA:6,2
DA:7,1
DA:9,1
DA:18,2
DA:19,2
DA:23,2
DA:24,4
DA:29,1
DA:30,1
DA:31,1
DA:32,1
DA:34,1
DA:35,1
DA:37,1
LF:17
LH:17
BRDA:3,0,0,1
BRDA:3,0,1,2
BRDA:3,1,0,3
BRDA:3,1,1,2
BRDA:6,2,0,1
BRDA:6,2,1,1
BRDA:34,3,0,1
BRDA:34,3,1,0
BRDA:34,4,0,1
BRDA:34,4,1,0
BRDA:34,4,2,0
BRF:11
BRH:8
end_of_record
